[2026-03-28T01:34:18.055Z] GET http://localhost:3001/ → pending (?ms, ?B)
[2026-03-28T01:34:21.318Z] GET http://localhost:3001/home → pending (?ms, ?B)
[2026-03-28T01:34:21.883Z] GET http://localhost:3001/_next/static/css/app/layout.css?v=1774661661389 → 200 (9ms, 853542B)
[2026-03-28T01:34:21.883Z] GET http://localhost:3001/_next/static/css/app/(user)/home/page.css?v=1774661661389 → 200 (8ms, 21645B)
[2026-03-28T01:34:21.884Z] GET http://localhost:3001/_next/static/chunks/webpack.js?v=1774661661389 → 200 (16ms, 141435B)
[2026-03-28T01:34:21.884Z] GET http://localhost:3001/_next/static/chunks/main-app.js?v=1774661661389 → pending (?ms, ?B)
[2026-03-28T01:34:21.884Z] GET http://localhost:3001/_next/static/chunks/app-pages-internals.js → 200 (41ms, 226882B)
[2026-03-28T01:34:21.885Z] GET http://localhost:3001/_next/static/chunks/app/layout.js → 200 (265ms, 1974831B)
[2026-03-28T01:34:21.885Z] GET http://localhost:3001/_next/static/chunks/app/error.js → 200 (261ms, 48291B)
[2026-03-28T01:34:21.885Z] GET http://localhost:3001/_next/static/chunks/app/template.js → 200 (265ms, 1746625B)
[2026-03-28T01:34:21.885Z] GET http://localhost:3001/_next/static/chunks/app/not-found.js → 200 (262ms, 205128B)
[2026-03-28T01:34:21.886Z] GET http://localhost:3001/_next/static/chunks/app/(user)/home/page.js → pending (?ms, ?B)
[2026-03-28T01:34:22.123Z] GET http://localhost:3001/hero-video.mp4 → 307 (31ms, ?B)
[2026-03-28T01:34:22.145Z] GET http://localhost:3001/showcase-video.mp4 → 307 (92ms, ?B)
[2026-03-28T01:34:22.155Z] GET http://localhost:3001/home?login=true&next=%2Fhero-video.mp4 → 200 (154ms, 82769B)
[2026-03-28T01:34:22.238Z] GET http://localhost:3001/home?login=true&next=%2Fshowcase-video.mp4 → 200 (244ms, 82768B)
[2026-03-28T01:34:25.817Z] GET http://localhost:3001/_next/static/chunks/_app-pages-browser_src_features_shared_components_AuthModal_tsx.js → 200 (72ms, 1791458B)
[2026-03-28T01:34:25.821Z] GET http://localhost:5182/api/public/stats → pending (?ms, ?B)
[2026-03-28T01:34:25.822Z] GET http://localhost:5182/api/public/stats → pending (?ms, ?B)
[2026-03-28T01:34:26.012Z] GET http://localhost:5182/api/public/tour-instances/available?page=1&pageSize=6&lang=en → pending (?ms, ?B)
[2026-03-28T01:34:26.013Z] GET http://localhost:5182/api/public/tours/featured?limit=8&lang=en → pending (?ms, ?B)
[2026-03-28T01:34:26.014Z] GET http://localhost:5182/api/public/tours/latest?limit=6&lang=en → pending (?ms, ?B)
[2026-03-28T01:34:26.014Z] GET http://localhost:5182/api/public/reviews/top?limit=6 → pending (?ms, ?B)
[2026-03-28T01:45:38.326Z] GET http://localhost:3001/__nextjs_font/geist-latin.woff2 → pending (?ms, ?B)
[2026-03-28T01:45:46.358Z] GET http://localhost:3001/home?_rsc=13zwl → pending (?ms, ?B)
[2026-03-28T01:45:46.363Z] GET http://localhost:3001/_next/static/webpack/3723608b130991f7.webpack.hot-update.json → 200 (70ms, 44B)
[2026-03-28T01:45:46.440Z] GET http://localhost:3001/_next/static/webpack/app/layout.3723608b130991f7.hot-update.js → 200 (30ms, 3044B)
[2026-03-28T01:45:46.441Z] GET http://localhost:3001/_next/static/webpack/webpack.3723608b130991f7.hot-update.js → 200 (41ms, 1157B)
[2026-03-28T01:45:47.025Z] GET http://localhost:3001/_next/static/css/app/layout.css?v=1774662346921 → 200 (152ms, 854031B)
[2026-03-28T01:45:47.026Z] GET http://localhost:3001/_next/static/css/app/(user)/home/page.css?v=1774662346921 → 200 (154ms, 21645B)
[2026-03-28T01:45:52.078Z] GET http://localhost:3001/home?_rsc=13zwl → pending (?ms, ?B)
[2026-03-28T01:45:52.188Z] GET http://localhost:3001/__nextjs_font/geist-mono-latin.woff2 → 200 (188ms, 31288B)
[2026-03-28T01:45:59.448Z] GET http://localhost:3001/home?_rsc=13zwl → pending (?ms, ?B)
[2026-03-28T01:45:59.451Z] GET http://localhost:3001/home?_rsc=13zwl → pending (?ms, ?B)
[2026-03-28T01:46:03.380Z] GET http://localhost:3001/home → 500 (128ms, 2767B)
[2026-03-28T01:46:03.534Z] GET http://localhost:3001/_next/static/chunks/fallback/webpack.js → 200 (93ms, 141137B)
[2026-03-28T01:46:03.534Z] GET http://localhost:3001/_next/static/chunks/fallback/main.js → pending (?ms, ?B)
[2026-03-28T01:46:03.534Z] GET http://localhost:3001/_next/static/chunks/fallback/pages/_app.js → 200 (76ms, 12248B)
[2026-03-28T01:46:03.534Z] GET http://localhost:3001/_next/static/chunks/fallback/pages/_error.js → 200 (80ms, 59566B)
[2026-03-28T01:46:03.534Z] GET http://localhost:3001/_next/static/chunks/fallback/react-refresh.js → 200 (91ms, 79463B)
[2026-03-28T01:46:04.200Z] GET http://localhost:3001/_next/static/development/_devMiddlewareManifest.json → 200 (310ms, 198B)
[2026-03-28T01:46:04.511Z] GET http://localhost:3001/__nextjs_font/geist-latin.woff2 → 200 (?ms, ?B)
[2026-03-28T01:46:04.512Z] GET http://localhost:3001/__nextjs_font/geist-mono-latin.woff2 → 200 (?ms, ?B)
[2026-03-28T01:47:36.700Z] GET http://localhost:3001/home → 500 (227ms, 2767B)
[2026-03-28T01:47:36.942Z] GET http://localhost:3001/_next/static/chunks/fallback/webpack.js → 200 (83ms, 141137B)
[2026-03-28T01:47:36.943Z] GET http://localhost:3001/_next/static/chunks/fallback/main.js → pending (?ms, ?B)
[2026-03-28T01:47:36.943Z] GET http://localhost:3001/_next/static/chunks/fallback/pages/_app.js → 200 (78ms, 12248B)
[2026-03-28T01:47:36.943Z] GET http://localhost:3001/_next/static/chunks/fallback/pages/_error.js → 200 (79ms, 59566B)
[2026-03-28T01:47:36.944Z] GET http://localhost:3001/_next/static/chunks/fallback/react-refresh.js → 200 (78ms, 79463B)
[2026-03-28T01:47:37.612Z] GET http://localhost:3001/_next/static/development/_devMiddlewareManifest.json → 200 (571ms, 198B)
[2026-03-28T01:47:38.185Z] GET http://localhost:3001/__nextjs_font/geist-latin.woff2 → 200 (?ms, ?B)
[2026-03-28T01:47:38.185Z] GET http://localhost:3001/__nextjs_font/geist-mono-latin.woff2 → 200 (?ms, ?B)
[2026-03-28T01:47:58.629Z] GET http://localhost:3001/home → pending (?ms, ?B)
[2026-03-28T01:47:58.806Z] GET http://localhost:3001/_next/static/chunks/fallback/webpack.js → 200 (90ms, 141137B)
[2026-03-28T01:47:58.806Z] GET http://localhost:3001/_next/static/chunks/fallback/main.js → 200 (554ms, ?B)
[2026-03-28T01:47:58.807Z] GET http://localhost:3001/_next/static/chunks/fallback/pages/_app.js → 200 (75ms, 12248B)
[2026-03-28T01:47:58.808Z] GET http://localhost:3001/_next/static/chunks/fallback/pages/_error.js → 200 (83ms, 59566B)
[2026-03-28T01:47:58.808Z] GET http://localhost:3001/_next/static/chunks/fallback/react-refresh.js → 200 (85ms, 79463B)
[2026-03-28T01:47:59.409Z] GET http://localhost:3001/_next/static/development/_devMiddlewareManifest.json → pending (?ms, ?B)
[2026-03-28T01:47:59.885Z] GET http://localhost:3001/__nextjs_font/geist-latin.woff2 → 200 (?ms, ?B)
[2026-03-28T01:47:59.886Z] GET http://localhost:3001/__nextjs_font/geist-mono-latin.woff2 → 200 (?ms, ?B)
[2026-03-28T01:56:05.968Z] GET http://localhost:3001/home → pending (?ms, ?B)
[2026-03-28T01:56:05.971Z] GET http://localhost:3001/_next/static/webpack/4013e209d7eb1c33.webpack.hot-update.json → 404 (59ms, ?B)
[2026-03-28T01:56:06.044Z] GET http://localhost:3001/home → pending (?ms, ?B)
[2026-03-28T01:56:08.242Z] GET http://localhost:3001/_next/static/css/app/layout.css?v=1774662966728 → 200 (7ms, 855591B)
[2026-03-28T01:56:08.247Z] GET http://localhost:3001/_next/static/css/app/(user)/home/page.css?v=1774662966728 → 200 (3ms, 21645B)
[2026-03-28T01:56:08.247Z] GET http://localhost:3001/_next/static/chunks/webpack.js?v=1774662966728 → 200 (70ms, 141435B)
[2026-03-28T01:56:08.247Z] GET http://localhost:3001/_next/static/chunks/main-app.js?v=1774662966728 → pending (?ms, ?B)
[2026-03-28T01:56:08.247Z] GET http://localhost:3001/_next/static/chunks/app-pages-internals.js → 200 (111ms, 226882B)
[2026-03-28T01:56:08.247Z] GET http://localhost:3001/_next/static/chunks/app/layout.js → pending (?ms, ?B)
[2026-03-28T01:56:08.247Z] GET http://localhost:3001/_next/static/chunks/app/error.js → 200 (306ms, 48291B)
[2026-03-28T01:56:08.247Z] GET http://localhost:3001/_next/static/chunks/app/template.js → 200 (323ms, ?B)
[2026-03-28T01:56:08.248Z] GET http://localhost:3001/_next/static/chunks/app/not-found.js → 200 (307ms, ?B)
[2026-03-28T01:56:08.248Z] GET http://localhost:3001/_next/static/chunks/app/(user)/home/page.js → pending (?ms, ?B)
[2026-03-28T01:56:08.362Z] GET http://localhost:3001/hero-video.mp4 → 307 (171ms, ?B)
[2026-03-28T01:56:08.533Z] GET http://localhost:3001/home?login=true&next=%2Fhero-video.mp4 → pending (?ms, ?B)
[2026-03-28T01:56:08.574Z] GET http://localhost:3001/showcase-video.mp4 → pending (?ms, ?B)
[2026-03-28T01:56:08.839Z] GET http://localhost:3001/home?login=true&next=%2Fshowcase-video.mp4 → 200 (199ms, 82771B)
[2026-03-28T01:56:11.324Z] GET http://localhost:3001/__nextjs_font/geist-latin.woff2 → 200 (?ms, ?B)
[2026-03-28T01:56:14.389Z] GET http://localhost:3001/_next/static/chunks/_app-pages-browser_src_features_shared_components_AuthModal_tsx.js → 200 (1ms, 1791458B)
[2026-03-28T01:56:14.389Z] GET http://localhost:5182/api/public/stats → pending (?ms, ?B)
[2026-03-28T01:56:14.389Z] GET http://localhost:5182/api/public/stats → pending (?ms, ?B)
[2026-03-28T01:56:14.389Z] GET http://localhost:5182/api/public/tour-instances/available?page=1&pageSize=6&lang=en → pending (?ms, ?B)
[2026-03-28T01:56:14.389Z] GET http://localhost:5182/api/public/tours/featured?limit=8&lang=en → pending (?ms, ?B)
[2026-03-28T01:56:14.389Z] GET http://localhost:5182/api/public/tours/latest?limit=6&lang=en → pending (?ms, ?B)
[2026-03-28T01:56:14.389Z] GET http://localhost:5182/api/public/reviews/top?limit=6 → pending (?ms, ?B)
